[2025-10-27T02:21:33.077Z] ๐ ะะฐะฟััะบ AI-Ops-Autofix...
[2025-10-27T02:21:33.080Z] ๐ง ะัะพะฒะตัะบะฐ ะฟัะพัะตััะพะฒ PM2...
[2025-10-27T02:21:33.344Z] ๐ข ะัะต PM2-ะฟัะพัะตััั ะฐะบัะธะฒะฝั
[2025-10-27T02:21:33.344Z] โ๏ธ ะัะพะฒะตัะบะฐ systemd-ัะฐะนะผะตัะพะฒ...
[2025-10-27T02:21:33.375Z] ๐งน ะัะธััะบะฐ ะปะพะณะพะฒ ััะฐััะต 10 ะะ...
[2025-10-27T02:21:33.381Z] โ ะัะพะฒะตัะบะฐ ะทะฐะฒะตััะตะฝะฐ.
[2025-10-27T02:51:36.660Z] ๐ ะะฐะฟััะบ AI-Ops-Autofix...
[2025-10-27T02:51:36.669Z] ๐ง ะัะพะฒะตัะบะฐ ะฟัะพัะตััะพะฒ PM2...
[2025-10-27T02:51:36.885Z] ๐ข ะัะต PM2-ะฟัะพัะตััั ะฐะบัะธะฒะฝั
[2025-10-27T02:51:36.885Z] โ๏ธ ะัะพะฒะตัะบะฐ systemd-ัะฐะนะผะตัะพะฒ...
[2025-10-27T02:51:36.932Z] ๐งน ะัะธััะบะฐ ะปะพะณะพะฒ ััะฐััะต 10 ะะ...
[2025-10-27T02:51:36.937Z] โ ะัะพะฒะตัะบะฐ ะทะฐะฒะตััะตะฝะฐ.
[2025-10-27T03:21:43.001Z] ๐ ะะฐะฟััะบ AI-Ops-Autofix...
[2025-10-27T03:21:43.004Z] ๐ง ะัะพะฒะตัะบะฐ ะฟัะพัะตััะพะฒ PM2...
[2025-10-27T03:21:43.157Z] ๐ข ะัะต PM2-ะฟัะพัะตััั ะฐะบัะธะฒะฝั
[2025-10-27T03:21:43.157Z] โ๏ธ ะัะพะฒะตัะบะฐ systemd-ัะฐะนะผะตัะพะฒ...
[2025-10-27T03:21:43.176Z] ๐งน ะัะธััะบะฐ ะปะพะณะพะฒ ััะฐััะต 10 ะะ...
[2025-10-27T03:21:43.182Z] โ ะัะพะฒะตัะบะฐ ะทะฐะฒะตััะตะฝะฐ.
[2025-10-27T03:51:44.471Z] ๐ ะะฐะฟััะบ AI-Ops-Autofix...
[2025-10-27T03:51:44.479Z] ๐ง ะัะพะฒะตัะบะฐ ะฟัะพัะตััะพะฒ PM2...
[2025-10-27T03:51:44.699Z] ๐ข ะัะต PM2-ะฟัะพัะตััั ะฐะบัะธะฒะฝั
[2025-10-27T03:51:44.699Z] โ๏ธ ะัะพะฒะตัะบะฐ systemd-ัะฐะนะผะตัะพะฒ...
[2025-10-27T03:51:44.716Z] ๐งน ะัะธััะบะฐ ะปะพะณะพะฒ ััะฐััะต 10 ะะ...
[2025-10-27T03:51:44.721Z] โ ะัะพะฒะตัะบะฐ ะทะฐะฒะตััะตะฝะฐ.
[2025-10-27T04:21:56.389Z] ๐ ะะฐะฟััะบ AI-Ops-Autofix...
[2025-10-27T04:21:56.391Z] ๐ง ะัะพะฒะตัะบะฐ ะฟัะพัะตััะพะฒ PM2...
[2025-10-27T04:21:56.641Z] ๐ข ะัะต PM2-ะฟัะพัะตััั ะฐะบัะธะฒะฝั
[2025-10-27T04:21:56.641Z] โ๏ธ ะัะพะฒะตัะบะฐ systemd-ัะฐะนะผะตัะพะฒ...
[2025-10-27T04:21:56.661Z] ๐งน ะัะธััะบะฐ ะปะพะณะพะฒ ััะฐััะต 10 ะะ...
[2025-10-27T04:21:56.664Z] โ ะัะพะฒะตัะบะฐ ะทะฐะฒะตััะตะฝะฐ.
[2025-10-27T04:51:59.053Z] ๐ ะะฐะฟััะบ AI-Ops-Autofix...
[2025-10-27T04:51:59.058Z] ๐ง ะัะพะฒะตัะบะฐ ะฟัะพัะตััะพะฒ PM2...
[2025-10-27T04:51:59.263Z] ๐ข ะัะต PM2-ะฟัะพัะตััั ะฐะบัะธะฒะฝั
[2025-10-27T04:51:59.264Z] โ๏ธ ะัะพะฒะตัะบะฐ systemd-ัะฐะนะผะตัะพะฒ...
[2025-10-27T04:51:59.283Z] ๐งน ะัะธััะบะฐ ะปะพะณะพะฒ ััะฐััะต 10 ะะ...
[2025-10-27T04:51:59.287Z] โ ะัะพะฒะตัะบะฐ ะทะฐะฒะตััะตะฝะฐ.
[2025-10-27T05:22:01.756Z] ๐ ะะฐะฟััะบ AI-Ops-Autofix...
[2025-10-27T05:22:01.762Z] ๐ง ะัะพะฒะตัะบะฐ ะฟัะพัะตััะพะฒ PM2...
[2025-10-27T05:22:01.958Z] ๐ข ะัะต PM2-ะฟัะพัะตััั ะฐะบัะธะฒะฝั
[2025-10-27T05:22:01.958Z] โ๏ธ ะัะพะฒะตัะบะฐ systemd-ัะฐะนะผะตัะพะฒ...
[2025-10-27T05:22:01.991Z] ๐งน ะัะธััะบะฐ ะปะพะณะพะฒ ััะฐััะต 10 ะะ...
[2025-10-27T05:22:01.997Z] โ ะัะพะฒะตัะบะฐ ะทะฐะฒะตััะตะฝะฐ.
[2025-10-27T05:52:24.516Z] ๐ ะะฐะฟััะบ AI-Ops-Autofix...
[2025-10-27T05:52:24.517Z] ๐ง ะัะพะฒะตัะบะฐ ะฟัะพัะตััะพะฒ PM2...
[2025-10-27T05:52:24.754Z] ๐ข ะัะต PM2-ะฟัะพัะตััั ะฐะบัะธะฒะฝั
[2025-10-27T05:52:24.754Z] โ๏ธ ะัะพะฒะตัะบะฐ systemd-ัะฐะนะผะตัะพะฒ...
[2025-10-27T05:52:24.776Z] ๐งน ะัะธััะบะฐ ะปะพะณะพะฒ ััะฐััะต 10 ะะ...
[2025-10-27T05:52:24.784Z] โ ะัะพะฒะตัะบะฐ ะทะฐะฒะตััะตะฝะฐ.
[2025-10-27T06:22:32.116Z] ๐ ะะฐะฟััะบ AI-Ops-Autofix...
[2025-10-27T06:22:32.117Z] ๐ง ะัะพะฒะตัะบะฐ ะฟัะพัะตััะพะฒ PM2...
[2025-10-27T06:22:32.457Z] ๐ข ะัะต PM2-ะฟัะพัะตััั ะฐะบัะธะฒะฝั
[2025-10-27T06:22:32.458Z] โ๏ธ ะัะพะฒะตัะบะฐ systemd-ัะฐะนะผะตัะพะฒ...
[2025-10-27T06:22:32.473Z] ๐งน ะัะธััะบะฐ ะปะพะณะพะฒ ััะฐััะต 10 ะะ...
[2025-10-27T06:22:32.480Z] โ ะัะพะฒะตัะบะฐ ะทะฐะฒะตััะตะฝะฐ.
[2025-10-27T06:52:36.655Z] ๐ ะะฐะฟััะบ AI-Ops-Autofix...
[2025-10-27T06:52:36.662Z] ๐ง ะัะพะฒะตัะบะฐ ะฟัะพัะตััะพะฒ PM2...
[2025-10-27T06:52:36.846Z] ๐ข ะัะต PM2-ะฟัะพัะตััั ะฐะบัะธะฒะฝั
[2025-10-27T06:52:36.846Z] โ๏ธ ะัะพะฒะตัะบะฐ systemd-ัะฐะนะผะตัะพะฒ...
[2025-10-27T06:52:36.866Z] ๐งน ะัะธััะบะฐ ะปะพะณะพะฒ ััะฐััะต 10 ะะ...
[2025-10-27T06:52:36.869Z] โ ะัะพะฒะตัะบะฐ ะทะฐะฒะตััะตะฝะฐ.
[2025-10-27T07:22:39.904Z] ๐ ะะฐะฟััะบ AI-Ops-Autofix...
[2025-10-27T07:22:39.906Z] ๐ง ะัะพะฒะตัะบะฐ ะฟัะพัะตััะพะฒ PM2...
[2025-10-27T07:22:40.117Z] ๐ข ะัะต PM2-ะฟัะพัะตััั ะฐะบัะธะฒะฝั
[2025-10-27T07:22:40.118Z] โ๏ธ ะัะพะฒะตัะบะฐ systemd-ัะฐะนะผะตัะพะฒ...
[2025-10-27T07:22:40.151Z] ๐งน ะัะธััะบะฐ ะปะพะณะพะฒ ััะฐััะต 10 ะะ...
[2025-10-27T07:22:40.153Z] โ ะัะพะฒะตัะบะฐ ะทะฐะฒะตััะตะฝะฐ.
[2025-10-27T07:52:44.804Z] ๐ ะะฐะฟััะบ AI-Ops-Autofix...
[2025-10-27T07:52:44.814Z] ๐ง ะัะพะฒะตัะบะฐ ะฟัะพัะตััะพะฒ PM2...
[2025-10-27T07:52:45.021Z] ๐ข ะัะต PM2-ะฟัะพัะตััั ะฐะบัะธะฒะฝั
[2025-10-27T07:52:45.021Z] โ๏ธ ะัะพะฒะตัะบะฐ systemd-ัะฐะนะผะตัะพะฒ...
[2025-10-27T07:52:45.036Z] ๐งน ะัะธััะบะฐ ะปะพะณะพะฒ ััะฐััะต 10 ะะ...
[2025-10-27T07:52:45.041Z] โ ะัะพะฒะตัะบะฐ ะทะฐะฒะตััะตะฝะฐ.
