[2025-10-27T01:34:05.873Z] 🚀 Запуск AI-AutoPublisher...
[2025-10-27T01:34:05.884Z] 🚀 Найдено 1 статей. Начинаю публикацию...
[2025-10-27T01:34:05.884Z] 📝 Опубликована: test-article.md
[2025-10-27T02:05:19.451Z] 🚀 Запуск AI-AutoPublisher...
[2025-10-27T02:05:19.452Z] 🚀 Найдено 4 статей. Начинаю публикацию...
[2025-10-27T02:05:19.456Z] 📝 Опубликована: test-article.md
[2025-10-27T02:05:19.456Z] 📝 Опубликована: как-укрепить-иммунитет-осенью.md
[2025-10-27T02:05:19.456Z] 📝 Опубликована: покраснение-глаз-и-жжение.md
[2025-10-27T02:05:19.456Z] 📝 Опубликована: что-делать-при-панической-атаке.md
[2025-10-27T02:05:38.132Z] 🌐 Сайт пересобран успешно.
[2025-10-27T02:05:38.351Z] 📡 Отправлено в IndexNow: https://sprosi-vracha.com/content/test-article.html
[2025-10-27T02:05:38.571Z] 📡 Отправлено в IndexNow: https://sprosi-vracha.com/content/как-укрепить-иммунитет-осенью.html
[2025-10-27T02:05:38.796Z] 📡 Отправлено в IndexNow: https://sprosi-vracha.com/content/покраснение-глаз-и-жжение.html
[2025-10-27T02:05:39.005Z] 📡 Отправлено в IndexNow: https://sprosi-vracha.com/content/что-делать-при-панической-атаке.html
[2025-10-27T02:05:39.005Z] ✅ Публикация завершена успешно.
[2025-10-27T02:05:39.120Z] 🚀 Запуск AI-AutoPublisher...
[2025-10-27T02:05:39.127Z] 🚀 Найдено 4 статей. Начинаю публикацию...
[2025-10-27T02:05:39.127Z] 📝 Опубликована: test-article.md
[2025-10-27T02:05:39.129Z] 📝 Опубликована: как-укрепить-иммунитет-осенью.md
[2025-10-27T02:05:39.130Z] 📝 Опубликована: покраснение-глаз-и-жжение.md
[2025-10-27T02:05:39.130Z] 📝 Опубликована: что-делать-при-панической-атаке.md
[2025-10-27T02:05:56.913Z] 🌐 Сайт пересобран успешно.
[2025-10-27T02:05:57.132Z] 📡 Отправлено в IndexNow: https://sprosi-vracha.com/content/test-article.html
[2025-10-27T02:05:57.338Z] 📡 Отправлено в IndexNow: https://sprosi-vracha.com/content/как-укрепить-иммунитет-осенью.html
[2025-10-27T02:05:57.559Z] 📡 Отправлено в IndexNow: https://sprosi-vracha.com/content/покраснение-глаз-и-жжение.html
[2025-10-27T02:05:57.766Z] 📡 Отправлено в IndexNow: https://sprosi-vracha.com/content/что-делать-при-панической-атаке.html
[2025-10-27T02:05:57.766Z] ✅ Публикация завершена успешно.
[2025-10-27T02:07:59.036Z] 🚀 Запуск AI-AutoPublisher...
[2025-10-27T02:07:59.043Z] 🚀 Найдено 4 статей. Начинаю публикацию...
[2025-10-27T02:07:59.043Z] 📝 Опубликована: test-article.md
[2025-10-27T02:07:59.043Z] 📝 Опубликована: как-укрепить-иммунитет-осенью.md
[2025-10-27T02:07:59.043Z] 📝 Опубликована: покраснение-глаз-и-жжение.md
[2025-10-27T02:07:59.043Z] 📝 Опубликована: что-делать-при-панической-атаке.md
[2025-10-27T02:08:17.271Z] 🌐 Сайт пересобран успешно.
[2025-10-27T02:08:17.504Z] 📡 Отправлено в IndexNow: https://sprosi-vracha.com/content/test-article.html
[2025-10-27T02:08:17.723Z] 📡 Отправлено в IndexNow: https://sprosi-vracha.com/content/как-укрепить-иммунитет-осенью.html
[2025-10-27T02:08:17.940Z] 📡 Отправлено в IndexNow: https://sprosi-vracha.com/content/покраснение-глаз-и-жжение.html
[2025-10-27T02:08:18.187Z] 📡 Отправлено в IndexNow: https://sprosi-vracha.com/content/что-делать-при-панической-атаке.html
[2025-10-27T02:08:18.188Z] ✅ Публикация завершена успешно.
[2025-10-27T02:08:18.271Z] 🚀 Запуск AI-AutoPublisher...
[2025-10-27T02:08:18.276Z] 🚀 Найдено 4 статей. Начинаю публикацию...
[2025-10-27T02:08:18.277Z] 📝 Опубликована: test-article.md
[2025-10-27T02:08:18.277Z] 📝 Опубликована: как-укрепить-иммунитет-осенью.md
[2025-10-27T02:08:18.277Z] 📝 Опубликована: покраснение-глаз-и-жжение.md
[2025-10-27T02:08:18.278Z] 📝 Опубликована: что-делать-при-панической-атаке.md
[2025-10-27T02:08:36.239Z] 🌐 Сайт пересобран успешно.
[2025-10-27T02:08:36.459Z] 📡 Отправлено в IndexNow: https://sprosi-vracha.com/content/test-article.html
[2025-10-27T02:08:36.685Z] 📡 Отправлено в IndexNow: https://sprosi-vracha.com/content/как-укрепить-иммунитет-осенью.html
[2025-10-27T02:08:36.921Z] 📡 Отправлено в IndexNow: https://sprosi-vracha.com/content/покраснение-глаз-и-жжение.html
[2025-10-27T02:08:37.131Z] 📡 Отправлено в IndexNow: https://sprosi-vracha.com/content/что-делать-при-панической-атаке.html
[2025-10-27T02:08:37.131Z] ✅ Публикация завершена успешно.
[2025-10-27T04:08:00.095Z] 🚀 Запуск AI-AutoPublisher...
[2025-10-27T04:08:00.100Z] 🚀 Найдено 4 статей. Начинаю публикацию...
[2025-10-27T04:08:00.100Z] 📝 Опубликована: test-article.md
[2025-10-27T04:08:00.100Z] 📝 Опубликована: как-укрепить-иммунитет-осенью.md
[2025-10-27T04:08:00.100Z] 📝 Опубликована: покраснение-глаз-и-жжение.md
[2025-10-27T04:08:00.100Z] 📝 Опубликована: что-делать-при-панической-атаке.md
[2025-10-27T04:08:18.627Z] 🚀 Запуск AI-AutoPublisher...
[2025-10-27T04:08:18.630Z] 🚀 Найдено 4 статей. Начинаю публикацию...
[2025-10-27T04:08:18.630Z] 📝 Опубликована: test-article.md
[2025-10-27T04:08:18.631Z] 📝 Опубликована: как-укрепить-иммунитет-осенью.md
[2025-10-27T04:08:18.631Z] 📝 Опубликована: покраснение-глаз-и-жжение.md
[2025-10-27T04:08:18.631Z] 📝 Опубликована: что-делать-при-панической-атаке.md
[2025-10-27T04:08:19.370Z] 🌐 Сайт пересобран успешно.
[2025-10-27T04:08:19.630Z] 📡 Отправлено в IndexNow: https://sprosi-vracha.com/content/test-article.html
[2025-10-27T04:08:19.847Z] 📡 Отправлено в IndexNow: https://sprosi-vracha.com/content/как-укрепить-иммунитет-осенью.html
[2025-10-27T04:08:20.097Z] 📡 Отправлено в IndexNow: https://sprosi-vracha.com/content/покраснение-глаз-и-жжение.html
[2025-10-27T04:08:20.318Z] 📡 Отправлено в IndexNow: https://sprosi-vracha.com/content/что-делать-при-панической-атаке.html
[2025-10-27T04:08:20.318Z] ✅ Публикация завершена успешно.
[2025-10-27T04:08:37.428Z] 🌐 Сайт пересобран успешно.
[2025-10-27T04:08:37.665Z] 📡 Отправлено в IndexNow: https://sprosi-vracha.com/content/test-article.html
[2025-10-27T04:08:37.869Z] 📡 Отправлено в IndexNow: https://sprosi-vracha.com/content/как-укрепить-иммунитет-осенью.html
[2025-10-27T04:08:38.083Z] 📡 Отправлено в IndexNow: https://sprosi-vracha.com/content/покраснение-глаз-и-жжение.html
[2025-10-27T04:08:38.291Z] 📡 Отправлено в IndexNow: https://sprosi-vracha.com/content/что-делать-при-панической-атаке.html
[2025-10-27T04:08:38.291Z] ✅ Публикация завершена успешно.
[2025-10-27T06:08:28.601Z] 🚀 Запуск AI-AutoPublisher...
[2025-10-27T06:08:28.614Z] 🚀 Найдено 4 статей. Начинаю публикацию...
[2025-10-27T06:08:28.616Z] 📝 Опубликована: test-article.md
[2025-10-27T06:08:28.616Z] 📝 Опубликована: как-укрепить-иммунитет-осенью.md
[2025-10-27T06:08:28.617Z] 📝 Опубликована: покраснение-глаз-и-жжение.md
[2025-10-27T06:08:28.617Z] 📝 Опубликована: что-делать-при-панической-атаке.md
[2025-10-27T06:08:29.870Z] 🚀 Запуск AI-AutoPublisher...
[2025-10-27T06:08:29.874Z] 🚀 Найдено 4 статей. Начинаю публикацию...
[2025-10-27T06:08:29.874Z] 📝 Опубликована: test-article.md
[2025-10-27T06:08:29.874Z] 📝 Опубликована: как-укрепить-иммунитет-осенью.md
[2025-10-27T06:08:29.874Z] 📝 Опубликована: покраснение-глаз-и-жжение.md
[2025-10-27T06:08:29.874Z] 📝 Опубликована: что-делать-при-панической-атаке.md
[2025-10-27T06:08:42.233Z] ⚠️ Ошибка сборки: Command failed: cd /opt/sprosi-vracha/frontend && npm run build --silent

> Build error occurred
[Error: ENOTEMPTY: directory not empty, rmdir '/opt/sprosi-vracha/frontend/.next/export'] {
  errno: -39,
  code: 'ENOTEMPTY',
  syscall: 'rmdir',
  path: '/opt/sprosi-vracha/frontend/.next/export'
}

[2025-10-27T06:08:42.503Z] 📡 Отправлено в IndexNow: https://sprosi-vracha.com/content/test-article.html
[2025-10-27T06:08:42.734Z] 📡 Отправлено в IndexNow: https://sprosi-vracha.com/content/как-укрепить-иммунитет-осенью.html
[2025-10-27T06:08:42.974Z] 📡 Отправлено в IndexNow: https://sprosi-vracha.com/content/покраснение-глаз-и-жжение.html
[2025-10-27T06:08:43.192Z] 📡 Отправлено в IndexNow: https://sprosi-vracha.com/content/что-делать-при-панической-атаке.html
[2025-10-27T06:08:43.192Z] ✅ Публикация завершена успешно.
[2025-10-27T06:08:50.313Z] 🌐 Сайт пересобран успешно.
[2025-10-27T06:08:50.521Z] 📡 Отправлено в IndexNow: https://sprosi-vracha.com/content/test-article.html
[2025-10-27T06:08:50.756Z] 📡 Отправлено в IndexNow: https://sprosi-vracha.com/content/как-укрепить-иммунитет-осенью.html
[2025-10-27T06:08:50.982Z] 📡 Отправлено в IndexNow: https://sprosi-vracha.com/content/покраснение-глаз-и-жжение.html
[2025-10-27T06:08:51.201Z] 📡 Отправлено в IndexNow: https://sprosi-vracha.com/content/что-делать-при-панической-атаке.html
[2025-10-27T06:08:51.201Z] ✅ Публикация завершена успешно.
[2025-10-27T08:08:36.073Z] 🚀 Запуск AI-AutoPublisher...
[2025-10-27T08:08:36.074Z] 🚀 Найдено 4 статей. Начинаю публикацию...
[2025-10-27T08:08:36.076Z] 📝 Опубликована: test-article.md
[2025-10-27T08:08:36.077Z] 📝 Опубликована: как-укрепить-иммунитет-осенью.md
[2025-10-27T08:08:36.077Z] 📝 Опубликована: покраснение-глаз-и-жжение.md
[2025-10-27T08:08:36.077Z] 📝 Опубликована: что-делать-при-панической-атаке.md
[2025-10-27T08:08:37.223Z] 🚀 Запуск AI-AutoPublisher...
[2025-10-27T08:08:37.225Z] 🚀 Найдено 4 статей. Начинаю публикацию...
[2025-10-27T08:08:37.225Z] 📝 Опубликована: test-article.md
[2025-10-27T08:08:37.227Z] 📝 Опубликована: как-укрепить-иммунитет-осенью.md
[2025-10-27T08:08:37.227Z] 📝 Опубликована: покраснение-глаз-и-жжение.md
[2025-10-27T08:08:37.228Z] 📝 Опубликована: что-делать-при-панической-атаке.md
[2025-10-27T08:09:00.416Z] 🌐 Сайт пересобран успешно.
[2025-10-27T08:09:00.702Z] 📡 Отправлено в IndexNow: https://sprosi-vracha.com/content/test-article.html
[2025-10-27T08:09:00.926Z] 📡 Отправлено в IndexNow: https://sprosi-vracha.com/content/как-укрепить-иммунитет-осенью.html
[2025-10-27T08:09:01.138Z] 📡 Отправлено в IndexNow: https://sprosi-vracha.com/content/покраснение-глаз-и-жжение.html
[2025-10-27T08:09:01.378Z] 📡 Отправлено в IndexNow: https://sprosi-vracha.com/content/что-делать-при-панической-атаке.html
[2025-10-27T08:09:01.378Z] ✅ Публикация завершена успешно.
[2025-10-27T08:09:01.855Z] 🌐 Сайт пересобран успешно.
[2025-10-27T08:09:02.074Z] 📡 Отправлено в IndexNow: https://sprosi-vracha.com/content/test-article.html
[2025-10-27T08:09:02.317Z] 📡 Отправлено в IndexNow: https://sprosi-vracha.com/content/как-укрепить-иммунитет-осенью.html
[2025-10-27T08:09:02.533Z] 📡 Отправлено в IndexNow: https://sprosi-vracha.com/content/покраснение-глаз-и-жжение.html
[2025-10-27T08:09:02.767Z] 📡 Отправлено в IndexNow: https://sprosi-vracha.com/content/что-делать-при-панической-атаке.html
[2025-10-27T08:09:02.768Z] ✅ Публикация завершена успешно.
[2025-10-27T08:18:22.767Z] 🚀 Запуск AI-AutoPublisher...
[2025-10-27T08:18:22.771Z] 🚀 Найдено 4 статей. Начинаю публикацию...
[2025-10-27T08:18:22.772Z] 📝 Опубликована: test-article.md
[2025-10-27T08:18:22.773Z] 📝 Опубликована: как-укрепить-иммунитет-осенью.md
[2025-10-27T08:18:22.773Z] 📝 Опубликована: покраснение-глаз-и-жжение.md
[2025-10-27T08:18:22.773Z] 📝 Опубликована: что-делать-при-панической-атаке.md
[2025-10-27T08:18:40.851Z] 🌐 Сайт пересобран успешно.
[2025-10-27T08:18:41.063Z] 📡 Отправлено в IndexNow: https://sprosi-vracha.com/content/test-article.html
[2025-10-27T08:18:41.289Z] 📡 Отправлено в IndexNow: https://sprosi-vracha.com/content/как-укрепить-иммунитет-осенью.html
[2025-10-27T08:18:41.510Z] 📡 Отправлено в IndexNow: https://sprosi-vracha.com/content/покраснение-глаз-и-жжение.html
[2025-10-27T08:18:41.721Z] 📡 Отправлено в IndexNow: https://sprosi-vracha.com/content/что-делать-при-панической-атаке.html
[2025-10-27T08:18:41.721Z] ✅ Публикация завершена успешно.
[2025-10-27T08:18:42.028Z] 🚀 Запуск AI-AutoPublisher...
[2025-10-27T08:18:42.038Z] 🚀 Найдено 4 статей. Начинаю публикацию...
[2025-10-27T08:18:42.038Z] 📝 Опубликована: test-article.md
[2025-10-27T08:18:42.042Z] 📝 Опубликована: как-укрепить-иммунитет-осенью.md
[2025-10-27T08:18:42.042Z] 📝 Опубликована: покраснение-глаз-и-жжение.md
[2025-10-27T08:18:42.042Z] 📝 Опубликована: что-делать-при-панической-атаке.md
[2025-10-27T08:19:00.586Z] 🌐 Сайт пересобран успешно.
[2025-10-27T08:19:00.805Z] 📡 Отправлено в IndexNow: https://sprosi-vracha.com/content/test-article.html
[2025-10-27T08:19:01.016Z] 📡 Отправлено в IndexNow: https://sprosi-vracha.com/content/как-укрепить-иммунитет-осенью.html
[2025-10-27T08:19:01.240Z] 📡 Отправлено в IndexNow: https://sprosi-vracha.com/content/покраснение-глаз-и-жжение.html
[2025-10-27T08:19:01.465Z] 📡 Отправлено в IndexNow: https://sprosi-vracha.com/content/что-делать-при-панической-атаке.html
[2025-10-27T08:19:01.466Z] ✅ Публикация завершена успешно.
