[2025-10-27T02:07:58.069Z] 🩺 Запуск AI-Recovery v2...
[2025-10-27T02:07:58.092Z] ⚠️ Ошибка команды: systemctl is-active ai-content-pipeline.service → Command failed: systemctl is-active ai-content-pipeline.service
[2025-10-27T02:08:18.212Z] ♻️ Перезапущен: ai-content-pipeline.service
[2025-10-27T02:08:18.222Z] ⚠️ Ошибка команды: systemctl is-active ai-auto-publisher.service → Command failed: systemctl is-active ai-auto-publisher.service
[2025-10-27T02:08:37.138Z] ♻️ Перезапущен: ai-auto-publisher.service
[2025-10-27T02:08:37.150Z] ⚠️ Ошибка команды: systemctl is-active ai-error-watcher.service → Command failed: systemctl is-active ai-error-watcher.service
[2025-10-27T02:08:37.167Z] ♻️ Перезапущен: ai-error-watcher.service
[2025-10-27T02:08:37.173Z] ⚠️ Ошибка команды: systemctl is-active ai-healthcheck.service → Command failed: systemctl is-active ai-healthcheck.service
[2025-10-27T02:08:37.190Z] ♻️ Перезапущен: ai-healthcheck.service
[2025-10-27T02:08:37.196Z] ⚠️ Ошибка команды: systemctl is-active ai-link-reporter.service → Command failed: systemctl is-active ai-link-reporter.service
[2025-10-27T02:08:37.211Z] ♻️ Перезапущен: ai-link-reporter.service
[2025-10-27T02:08:37.218Z] ⚠️ Ошибка команды: systemctl is-active ai-summary-reporter.service → Command failed: systemctl is-active ai-summary-reporter.service
[2025-10-27T02:08:37.232Z] ♻️ Перезапущен: ai-summary-reporter.service
[2025-10-27T02:08:37.946Z] 🧹 Очистка временных файлов завершена
[2025-10-27T02:08:38.209Z] 📨 Уведомление отправлено в Telegram
[2025-10-27T02:08:38.210Z] 🏁 Завершено самовосстановление.
[2025-10-27T02:08:56.453Z] 🩺 Запуск AI-Recovery v2...
[2025-10-27T02:08:56.472Z] ✅ ai-content-pipeline.timer работает корректно
[2025-10-27T02:08:56.482Z] ✅ ai-auto-publisher.timer работает корректно
[2025-10-27T02:08:56.489Z] ✅ ai-error-watcher.timer работает корректно
[2025-10-27T02:08:56.498Z] ✅ ai-healthcheck.timer работает корректно
[2025-10-27T02:08:56.506Z] ✅ ai-link-reporter.timer работает корректно
[2025-10-27T02:08:56.516Z] ✅ ai-summary-reporter.timer работает корректно
[2025-10-27T02:08:56.526Z] ✅ ai-telegram-reporter.timer работает корректно
[2025-10-27T02:08:56.536Z] ✅ ai-content-orchestrator.timer работает корректно
[2025-10-27T02:08:57.079Z] 🧹 Очистка временных файлов завершена
[2025-10-27T02:08:57.080Z] ✅ Все таймеры активны, вмешательство не требуется
[2025-10-27T02:08:57.080Z] 🏁 Завершено самовосстановление.
[2025-10-27T02:08:57.134Z] 🩺 Запуск AI-Recovery v2...
[2025-10-27T02:08:57.152Z] ✅ ai-content-pipeline.timer работает корректно
[2025-10-27T02:08:57.172Z] ✅ ai-auto-publisher.timer работает корректно
[2025-10-27T02:08:57.180Z] ✅ ai-error-watcher.timer работает корректно
[2025-10-27T02:08:57.189Z] ✅ ai-healthcheck.timer работает корректно
[2025-10-27T02:08:57.195Z] ✅ ai-link-reporter.timer работает корректно
[2025-10-27T02:08:57.206Z] ✅ ai-summary-reporter.timer работает корректно
[2025-10-27T02:08:57.214Z] ✅ ai-telegram-reporter.timer работает корректно
[2025-10-27T02:08:57.224Z] ✅ ai-content-orchestrator.timer работает корректно
[2025-10-27T02:08:57.737Z] 🧹 Очистка временных файлов завершена
[2025-10-27T02:08:57.738Z] ✅ Все таймеры активны, вмешательство не требуется
[2025-10-27T02:08:57.738Z] 🏁 Завершено самовосстановление.
[2025-10-27T08:08:56.666Z] 🩺 Запуск AI-Recovery v2...
[2025-10-27T08:08:56.688Z] ✅ ai-content-pipeline.timer работает корректно
[2025-10-27T08:08:56.696Z] ✅ ai-auto-publisher.timer работает корректно
[2025-10-27T08:08:56.703Z] ✅ ai-error-watcher.timer работает корректно
[2025-10-27T08:08:56.710Z] ✅ ai-healthcheck.timer работает корректно
[2025-10-27T08:08:56.717Z] ✅ ai-link-reporter.timer работает корректно
[2025-10-27T08:08:56.723Z] ✅ ai-summary-reporter.timer работает корректно
[2025-10-27T08:08:56.730Z] ✅ ai-telegram-reporter.timer работает корректно
[2025-10-27T08:08:56.736Z] ✅ ai-content-orchestrator.timer работает корректно
[2025-10-27T08:08:57.793Z] 🧹 Очистка временных файлов завершена
[2025-10-27T08:08:57.793Z] ✅ Все таймеры активны, вмешательство не требуется
[2025-10-27T08:08:57.793Z] 🏁 Завершено самовосстановление.
