[2025-10-27T02:08:56.453Z] 🩺 Запуск AI-Recovery v2...
[2025-10-27T02:08:56.472Z] ✅ ai-content-pipeline.timer работает корректно
[2025-10-27T02:08:56.482Z] ✅ ai-auto-publisher.timer работает корректно
[2025-10-27T02:08:56.489Z] ✅ ai-error-watcher.timer работает корректно
[2025-10-27T02:08:56.498Z] ✅ ai-healthcheck.timer работает корректно
[2025-10-27T02:08:56.506Z] ✅ ai-link-reporter.timer работает корректно
[2025-10-27T02:08:56.516Z] ✅ ai-summary-reporter.timer работает корректно
[2025-10-27T02:08:56.526Z] ✅ ai-telegram-reporter.timer работает корректно
[2025-10-27T02:08:56.536Z] ✅ ai-content-orchestrator.timer работает корректно
[2025-10-27T02:08:57.079Z] 🧹 Очистка временных файлов завершена
[2025-10-27T02:08:57.080Z] ✅ Все таймеры активны, вмешательство не требуется
[2025-10-27T02:08:57.080Z] 🏁 Завершено самовосстановление.
[2025-10-27T08:08:56.666Z] 🩺 Запуск AI-Recovery v2...
[2025-10-27T08:08:56.688Z] ✅ ai-content-pipeline.timer работает корректно
[2025-10-27T08:08:56.696Z] ✅ ai-auto-publisher.timer работает корректно
[2025-10-27T08:08:56.703Z] ✅ ai-error-watcher.timer работает корректно
[2025-10-27T08:08:56.710Z] ✅ ai-healthcheck.timer работает корректно
[2025-10-27T08:08:56.717Z] ✅ ai-link-reporter.timer работает корректно
[2025-10-27T08:08:56.723Z] ✅ ai-summary-reporter.timer работает корректно
[2025-10-27T08:08:56.730Z] ✅ ai-telegram-reporter.timer работает корректно
[2025-10-27T08:08:56.736Z] ✅ ai-content-orchestrator.timer работает корректно
[2025-10-27T08:08:57.793Z] 🧹 Очистка временных файлов завершена
[2025-10-27T08:08:57.793Z] ✅ Все таймеры активны, вмешательство не требуется
[2025-10-27T08:08:57.793Z] 🏁 Завершено самовосстановление.
