[2025-10-27T01:42:04.716Z] 🧠 Запуск AI-ErrorWatcher...
[2025-10-27T01:42:04.729Z] ✅ Новых ошибок не найдено
[2025-10-27T01:42:05.146Z] 🧠 Запуск AI-ErrorWatcher...
[2025-10-27T01:42:05.154Z] ✅ Новых ошибок не найдено
[2025-10-27T01:42:05.379Z] 🧠 Запуск AI-ErrorWatcher...
[2025-10-27T01:42:05.386Z] ✅ Новых ошибок не найдено
[2025-10-27T01:42:05.636Z] 🧠 Запуск AI-ErrorWatcher...
[2025-10-27T01:42:05.641Z] ✅ Новых ошибок не найдено
[2025-10-27T01:42:05.901Z] 🧠 Запуск AI-ErrorWatcher...
[2025-10-27T01:42:05.923Z] ✅ Новых ошибок не найдено
[2025-10-27T01:42:08.589Z] 🧠 Запуск AI-ErrorWatcher...
[2025-10-27T01:42:08.603Z] ✅ Новых ошибок не найдено
[2025-10-27T01:42:43.677Z] 🧠 Запуск AI-ErrorWatcher...
[2025-10-27T01:42:43.683Z] ✅ Новых ошибок не найдено
[2025-10-27T01:57:16.647Z] 🧠 Запуск AI-ErrorWatcher...
[2025-10-27T01:57:16.663Z] ✅ Новых ошибок не найдено
[2025-10-27T01:57:16.882Z] 🧠 Запуск AI-ErrorWatcher...
[2025-10-27T01:57:16.887Z] ✅ Новых ошибок не найдено
[2025-10-27T01:57:17.142Z] 🧠 Запуск AI-ErrorWatcher...
[2025-10-27T01:57:17.147Z] ✅ Новых ошибок не найдено
[2025-10-27T01:57:17.395Z] 🧠 Запуск AI-ErrorWatcher...
[2025-10-27T01:57:17.406Z] ✅ Новых ошибок не найдено
[2025-10-27T01:57:17.648Z] 🧠 Запуск AI-ErrorWatcher...
[2025-10-27T01:57:17.666Z] ✅ Новых ошибок не найдено
[2025-10-27T02:08:37.281Z] 🧠 Запуск AI-ErrorWatcher...
[2025-10-27T02:08:37.308Z] 🚨 Новые ошибки (8):
ai-recovery: ❌ ai-content-pipeline не найден — создаю таймер и сервис.
ai-recovery: ❌ ai-auto-publisher не найден — создаю таймер и сервис.
ai-recovery: ❌ ai-trend-mapper не найден — создаю таймер и сервис.
ai-recovery: ❌ ai-error-watcher не найден — создаю таймер и сервис.
ai-recovery: ❌ ai-healthcheck не найден — создаю таймер и сервис.
ai-recovery: ❌ ai-link-reporter не найден — создаю таймер и сервис.
ai-recovery: ❌ ai-summary-reporter не найден — создаю таймер и сервис.
ai-recovery: ❌ ai-telegram-reporter не найден — создаю таймер и сервис.
[2025-10-27T02:08:37.585Z] 🧠 Запуск AI-ErrorWatcher...
[2025-10-27T02:08:37.596Z] ✅ Новых ошибок не найдено
[2025-10-27T02:08:37.929Z] 🧠 Запуск AI-ErrorWatcher...
[2025-10-27T02:08:37.938Z] ✅ Новых ошибок не найдено
[2025-10-27T02:08:38.139Z] 🧠 Запуск AI-ErrorWatcher...
[2025-10-27T02:08:38.145Z] ✅ Новых ошибок не найдено
[2025-10-27T02:08:38.387Z] 🧠 Запуск AI-ErrorWatcher...
[2025-10-27T02:08:38.391Z] ✅ Новых ошибок не найдено
[2025-10-27T02:24:26.651Z] 🧠 Запуск AI-ErrorWatcher...
[2025-10-27T02:24:26.668Z] ✅ Новых ошибок не найдено
[2025-10-27T02:24:26.893Z] 🧠 Запуск AI-ErrorWatcher...
[2025-10-27T02:24:26.903Z] ✅ Новых ошибок не найдено
[2025-10-27T02:24:27.151Z] 🧠 Запуск AI-ErrorWatcher...
[2025-10-27T02:24:27.164Z] ✅ Новых ошибок не найдено
[2025-10-27T02:24:27.384Z] 🧠 Запуск AI-ErrorWatcher...
[2025-10-27T02:24:27.387Z] ✅ Новых ошибок не найдено
[2025-10-27T02:24:27.647Z] 🧠 Запуск AI-ErrorWatcher...
[2025-10-27T02:24:27.663Z] ✅ Новых ошибок не найдено
[2025-10-27T02:39:31.641Z] 🧠 Запуск AI-ErrorWatcher...
[2025-10-27T02:39:31.654Z] ✅ Новых ошибок не найдено
[2025-10-27T02:39:31.889Z] 🧠 Запуск AI-ErrorWatcher...
[2025-10-27T02:39:31.896Z] ✅ Новых ошибок не найдено
[2025-10-27T02:39:32.143Z] 🧠 Запуск AI-ErrorWatcher...
[2025-10-27T02:39:32.166Z] ✅ Новых ошибок не найдено
[2025-10-27T02:39:32.421Z] 🧠 Запуск AI-ErrorWatcher...
[2025-10-27T02:39:32.441Z] ✅ Новых ошибок не найдено
[2025-10-27T02:39:32.627Z] 🧠 Запуск AI-ErrorWatcher...
[2025-10-27T02:39:32.633Z] ✅ Новых ошибок не найдено
[2025-10-27T02:54:36.646Z] 🧠 Запуск AI-ErrorWatcher...
[2025-10-27T02:54:36.651Z] ✅ Новых ошибок не найдено
[2025-10-27T02:54:36.907Z] 🧠 Запуск AI-ErrorWatcher...
[2025-10-27T02:54:36.922Z] ✅ Новых ошибок не найдено
[2025-10-27T02:54:37.141Z] 🧠 Запуск AI-ErrorWatcher...
[2025-10-27T02:54:37.146Z] ✅ Новых ошибок не найдено
[2025-10-27T02:54:37.386Z] 🧠 Запуск AI-ErrorWatcher...
[2025-10-27T02:54:37.391Z] ✅ Новых ошибок не найдено
[2025-10-27T02:54:37.626Z] 🧠 Запуск AI-ErrorWatcher...
[2025-10-27T02:54:37.634Z] ✅ Новых ошибок не найдено
[2025-10-27T03:09:44.836Z] 🧠 Запуск AI-ErrorWatcher...
[2025-10-27T03:09:44.844Z] ✅ Новых ошибок не найдено
[2025-10-27T03:09:45.029Z] 🧠 Запуск AI-ErrorWatcher...
[2025-10-27T03:09:45.033Z] ✅ Новых ошибок не найдено
[2025-10-27T03:09:45.406Z] 🧠 Запуск AI-ErrorWatcher...
[2025-10-27T03:09:45.411Z] ✅ Новых ошибок не найдено
[2025-10-27T03:09:45.627Z] 🧠 Запуск AI-ErrorWatcher...
[2025-10-27T03:09:45.634Z] ✅ Новых ошибок не найдено
[2025-10-27T03:09:45.907Z] 🧠 Запуск AI-ErrorWatcher...
[2025-10-27T03:09:45.921Z] ✅ Новых ошибок не найдено
[2025-10-27T03:24:48.464Z] 🧠 Запуск AI-ErrorWatcher...
[2025-10-27T03:24:48.473Z] ✅ Новых ошибок не найдено
[2025-10-27T03:24:48.671Z] 🧠 Запуск AI-ErrorWatcher...
[2025-10-27T03:24:48.680Z] ✅ Новых ошибок не найдено
[2025-10-27T03:24:48.882Z] 🧠 Запуск AI-ErrorWatcher...
[2025-10-27T03:24:48.889Z] ✅ Новых ошибок не найдено
[2025-10-27T03:24:49.147Z] 🧠 Запуск AI-ErrorWatcher...
[2025-10-27T03:24:49.169Z] ✅ Новых ошибок не найдено
[2025-10-27T03:24:49.390Z] 🧠 Запуск AI-ErrorWatcher...
[2025-10-27T03:24:49.394Z] ✅ Новых ошибок не найдено
[2025-10-27T03:39:52.066Z] 🧠 Запуск AI-ErrorWatcher...
[2025-10-27T03:39:52.075Z] ✅ Новых ошибок не найдено
[2025-10-27T03:39:52.270Z] 🧠 Запуск AI-ErrorWatcher...
[2025-10-27T03:39:52.278Z] ✅ Новых ошибок не найдено
[2025-10-27T03:39:52.647Z] 🧠 Запуск AI-ErrorWatcher...
[2025-10-27T03:39:52.665Z] ✅ Новых ошибок не найдено
[2025-10-27T03:39:52.881Z] 🧠 Запуск AI-ErrorWatcher...
[2025-10-27T03:39:52.891Z] ✅ Новых ошибок не найдено
[2025-10-27T03:39:53.138Z] 🧠 Запуск AI-ErrorWatcher...
[2025-10-27T03:39:53.152Z] ✅ Новых ошибок не найдено
[2025-10-27T03:54:55.709Z] 🧠 Запуск AI-ErrorWatcher...
[2025-10-27T03:54:55.714Z] ✅ Новых ошибок не найдено
[2025-10-27T03:54:55.914Z] 🧠 Запуск AI-ErrorWatcher...
[2025-10-27T03:54:55.921Z] ✅ Новых ошибок не найдено
[2025-10-27T03:54:56.164Z] 🧠 Запуск AI-ErrorWatcher...
[2025-10-27T03:54:56.182Z] ✅ Новых ошибок не найдено
[2025-10-27T03:54:56.398Z] 🧠 Запуск AI-ErrorWatcher...
[2025-10-27T03:54:56.405Z] ✅ Новых ошибок не найдено
[2025-10-27T03:54:56.660Z] 🧠 Запуск AI-ErrorWatcher...
[2025-10-27T03:54:56.674Z] ✅ Новых ошибок не найдено
[2025-10-27T04:09:59.535Z] 🧠 Запуск AI-ErrorWatcher...
[2025-10-27T04:09:59.544Z] ✅ Новых ошибок не найдено
[2025-10-27T04:09:59.741Z] 🧠 Запуск AI-ErrorWatcher...
[2025-10-27T04:09:59.747Z] ✅ Новых ошибок не найдено
[2025-10-27T04:10:00.159Z] 🧠 Запуск AI-ErrorWatcher...
[2025-10-27T04:10:00.177Z] ✅ Новых ошибок не найдено
[2025-10-27T04:10:00.394Z] 🧠 Запуск AI-ErrorWatcher...
[2025-10-27T04:10:00.399Z] ✅ Новых ошибок не найдено
[2025-10-27T04:10:00.653Z] 🧠 Запуск AI-ErrorWatcher...
[2025-10-27T04:10:00.669Z] ✅ Новых ошибок не найдено
[2025-10-27T04:25:03.301Z] 🧠 Запуск AI-ErrorWatcher...
[2025-10-27T04:25:03.308Z] ✅ Новых ошибок не найдено
[2025-10-27T04:25:03.526Z] 🧠 Запуск AI-ErrorWatcher...
[2025-10-27T04:25:03.540Z] ✅ Новых ошибок не найдено
[2025-10-27T04:25:03.884Z] 🧠 Запуск AI-ErrorWatcher...
[2025-10-27T04:25:03.895Z] ✅ Новых ошибок не найдено
[2025-10-27T04:25:04.145Z] 🧠 Запуск AI-ErrorWatcher...
[2025-10-27T04:25:04.151Z] ✅ Новых ошибок не найдено
[2025-10-27T04:25:04.374Z] 🧠 Запуск AI-ErrorWatcher...
[2025-10-27T04:25:04.384Z] ✅ Новых ошибок не найдено
[2025-10-27T04:40:06.934Z] 🧠 Запуск AI-ErrorWatcher...
[2025-10-27T04:40:06.943Z] ✅ Новых ошибок не найдено
[2025-10-27T04:40:07.105Z] 🧠 Запуск AI-ErrorWatcher...
[2025-10-27T04:40:07.110Z] ✅ Новых ошибок не найдено
[2025-10-27T04:40:07.337Z] 🧠 Запуск AI-ErrorWatcher...
[2025-10-27T04:40:07.342Z] ✅ Новых ошибок не найдено
[2025-10-27T04:40:07.669Z] 🧠 Запуск AI-ErrorWatcher...
[2025-10-27T04:40:07.684Z] ✅ Новых ошибок не найдено
[2025-10-27T04:40:07.882Z] 🧠 Запуск AI-ErrorWatcher...
[2025-10-27T04:40:07.890Z] ✅ Новых ошибок не найдено
[2025-10-27T04:55:10.820Z] 🧠 Запуск AI-ErrorWatcher...
[2025-10-27T04:55:10.826Z] ✅ Новых ошибок не найдено
[2025-10-27T04:55:10.978Z] 🧠 Запуск AI-ErrorWatcher...
[2025-10-27T04:55:10.983Z] ✅ Новых ошибок не найдено
[2025-10-27T04:55:11.396Z] 🧠 Запуск AI-ErrorWatcher...
[2025-10-27T04:55:11.412Z] ✅ Новых ошибок не найдено
[2025-10-27T04:55:11.631Z] 🧠 Запуск AI-ErrorWatcher...
[2025-10-27T04:55:11.640Z] ✅ Новых ошибок не найдено
[2025-10-27T04:55:11.897Z] 🧠 Запуск AI-ErrorWatcher...
[2025-10-27T04:55:11.903Z] ✅ Новых ошибок не найдено
[2025-10-27T05:10:14.316Z] 🧠 Запуск AI-ErrorWatcher...
[2025-10-27T05:10:14.323Z] ✅ Новых ошибок не найдено
[2025-10-27T05:10:14.481Z] 🧠 Запуск AI-ErrorWatcher...
[2025-10-27T05:10:14.486Z] ✅ Новых ошибок не найдено
[2025-10-27T05:10:14.678Z] 🧠 Запуск AI-ErrorWatcher...
[2025-10-27T05:10:14.694Z] ✅ Новых ошибок не найдено
[2025-10-27T05:10:14.896Z] 🧠 Запуск AI-ErrorWatcher...
[2025-10-27T05:10:14.917Z] ✅ Новых ошибок не найдено
[2025-10-27T05:10:15.158Z] 🧠 Запуск AI-ErrorWatcher...
[2025-10-27T05:10:15.175Z] ✅ Новых ошибок не найдено
[2025-10-27T05:25:18.131Z] 🧠 Запуск AI-ErrorWatcher...
[2025-10-27T05:25:18.137Z] ✅ Новых ошибок не найдено
[2025-10-27T05:25:18.327Z] 🧠 Запуск AI-ErrorWatcher...
[2025-10-27T05:25:18.336Z] ✅ Новых ошибок не найдено
[2025-10-27T05:25:18.667Z] 🧠 Запуск AI-ErrorWatcher...
[2025-10-27T05:25:18.681Z] ✅ Новых ошибок не найдено
[2025-10-27T05:25:18.898Z] 🧠 Запуск AI-ErrorWatcher...
[2025-10-27T05:25:18.916Z] ✅ Новых ошибок не найдено
[2025-10-27T05:25:19.149Z] 🧠 Запуск AI-ErrorWatcher...
[2025-10-27T05:25:19.155Z] ✅ Новых ошибок не найдено
[2025-10-27T05:40:21.712Z] 🧠 Запуск AI-ErrorWatcher...
[2025-10-27T05:40:21.720Z] ✅ Новых ошибок не найдено
[2025-10-27T05:40:21.887Z] 🧠 Запуск AI-ErrorWatcher...
[2025-10-27T05:40:21.894Z] ✅ Новых ошибок не найдено
[2025-10-27T05:40:22.061Z] 🧠 Запуск AI-ErrorWatcher...
[2025-10-27T05:40:22.066Z] ✅ Новых ошибок не найдено
[2025-10-27T05:40:22.399Z] 🧠 Запуск AI-ErrorWatcher...
[2025-10-27T05:40:22.406Z] ✅ Новых ошибок не найдено
[2025-10-27T05:40:22.652Z] 🧠 Запуск AI-ErrorWatcher...
[2025-10-27T05:40:22.664Z] ✅ Новых ошибок не найдено
[2025-10-27T05:55:25.316Z] 🧠 Запуск AI-ErrorWatcher...
[2025-10-27T05:55:25.322Z] ✅ Новых ошибок не найдено
[2025-10-27T05:55:25.486Z] 🧠 Запуск AI-ErrorWatcher...
[2025-10-27T05:55:25.490Z] ✅ Новых ошибок не найдено
[2025-10-27T05:55:25.644Z] 🧠 Запуск AI-ErrorWatcher...
[2025-10-27T05:55:25.650Z] ✅ Новых ошибок не найдено
[2025-10-27T05:55:25.897Z] 🧠 Запуск AI-ErrorWatcher...
[2025-10-27T05:55:25.910Z] ✅ Новых ошибок не найдено
[2025-10-27T05:55:26.144Z] 🧠 Запуск AI-ErrorWatcher...
[2025-10-27T05:55:26.165Z] ✅ Новых ошибок не найдено
[2025-10-27T06:10:29.191Z] 🧠 Запуск AI-ErrorWatcher...
[2025-10-27T06:10:29.201Z] 🚨 Новые ошибки (1):
ai-auto-publisher: ⚠️
[2025-10-27T06:10:29.363Z] 🧠 Запуск AI-ErrorWatcher...
[2025-10-27T06:10:29.372Z] ✅ Новых ошибок не найдено
[2025-10-27T06:10:29.528Z] 🧠 Запуск AI-ErrorWatcher...
[2025-10-27T06:10:29.533Z] ✅ Новых ошибок не найдено
[2025-10-27T06:10:29.889Z] 🧠 Запуск AI-ErrorWatcher...
[2025-10-27T06:10:29.895Z] ✅ Новых ошибок не найдено
[2025-10-27T06:10:30.152Z] 🧠 Запуск AI-ErrorWatcher...
[2025-10-27T06:10:30.164Z] ✅ Новых ошибок не найдено
[2025-10-27T06:25:32.898Z] 🧠 Запуск AI-ErrorWatcher...
[2025-10-27T06:25:32.904Z] ✅ Новых ошибок не найдено
[2025-10-27T06:25:33.089Z] 🧠 Запуск AI-ErrorWatcher...
[2025-10-27T06:25:33.095Z] ✅ Новых ошибок не найдено
[2025-10-27T06:25:33.376Z] 🧠 Запуск AI-ErrorWatcher...
[2025-10-27T06:25:33.384Z] ✅ Новых ошибок не найдено
[2025-10-27T06:25:33.653Z] 🧠 Запуск AI-ErrorWatcher...
[2025-10-27T06:25:33.666Z] ✅ Новых ошибок не найдено
[2025-10-27T06:25:33.875Z] 🧠 Запуск AI-ErrorWatcher...
[2025-10-27T06:25:33.882Z] ✅ Новых ошибок не найдено
[2025-10-27T06:40:36.475Z] 🧠 Запуск AI-ErrorWatcher...
[2025-10-27T06:40:36.480Z] ✅ Новых ошибок не найдено
[2025-10-27T06:40:36.642Z] 🧠 Запуск AI-ErrorWatcher...
[2025-10-27T06:40:36.651Z] ✅ Новых ошибок не найдено
[2025-10-27T06:40:36.901Z] 🧠 Запуск AI-ErrorWatcher...
[2025-10-27T06:40:36.917Z] ✅ Новых ошибок не найдено
[2025-10-27T06:40:37.149Z] 🧠 Запуск AI-ErrorWatcher...
[2025-10-27T06:40:37.164Z] ✅ Новых ошибок не найдено
[2025-10-27T06:40:37.389Z] 🧠 Запуск AI-ErrorWatcher...
[2025-10-27T06:40:37.394Z] ✅ Новых ошибок не найдено
[2025-10-27T06:55:39.961Z] 🧠 Запуск AI-ErrorWatcher...
[2025-10-27T06:55:39.969Z] ✅ Новых ошибок не найдено
[2025-10-27T06:55:40.132Z] 🧠 Запуск AI-ErrorWatcher...
[2025-10-27T06:55:40.140Z] ✅ Новых ошибок не найдено
[2025-10-27T06:55:40.293Z] 🧠 Запуск AI-ErrorWatcher...
[2025-10-27T06:55:40.298Z] ✅ Новых ошибок не найдено
[2025-10-27T06:55:40.636Z] 🧠 Запуск AI-ErrorWatcher...
[2025-10-27T06:55:40.639Z] ✅ Новых ошибок не найдено
[2025-10-27T06:55:40.902Z] 🧠 Запуск AI-ErrorWatcher...
[2025-10-27T06:55:40.915Z] ✅ Новых ошибок не найдено
[2025-10-27T07:10:43.594Z] 🧠 Запуск AI-ErrorWatcher...
[2025-10-27T07:10:43.598Z] ✅ Новых ошибок не найдено
[2025-10-27T07:10:43.768Z] 🧠 Запуск AI-ErrorWatcher...
[2025-10-27T07:10:43.775Z] ✅ Новых ошибок не найдено
[2025-10-27T07:10:44.130Z] 🧠 Запуск AI-ErrorWatcher...
[2025-10-27T07:10:44.134Z] ✅ Новых ошибок не найдено
[2025-10-27T07:10:44.390Z] 🧠 Запуск AI-ErrorWatcher...
[2025-10-27T07:10:44.404Z] ✅ Новых ошибок не найдено
[2025-10-27T07:10:44.647Z] 🧠 Запуск AI-ErrorWatcher...
[2025-10-27T07:10:44.658Z] ✅ Новых ошибок не найдено
[2025-10-27T07:25:47.203Z] 🧠 Запуск AI-ErrorWatcher...
[2025-10-27T07:25:47.208Z] ✅ Новых ошибок не найдено
[2025-10-27T07:25:47.402Z] 🧠 Запуск AI-ErrorWatcher...
[2025-10-27T07:25:47.410Z] ✅ Новых ошибок не найдено
[2025-10-27T07:25:47.628Z] 🧠 Запуск AI-ErrorWatcher...
[2025-10-27T07:25:47.635Z] ✅ Новых ошибок не найдено
[2025-10-27T07:25:47.882Z] 🧠 Запуск AI-ErrorWatcher...
[2025-10-27T07:25:47.888Z] ✅ Новых ошибок не найдено
[2025-10-27T07:25:48.151Z] 🧠 Запуск AI-ErrorWatcher...
[2025-10-27T07:25:48.166Z] ✅ Новых ошибок не найдено
[2025-10-27T07:40:51.040Z] 🧠 Запуск AI-ErrorWatcher...
[2025-10-27T07:40:51.050Z] ✅ Новых ошибок не найдено
[2025-10-27T07:40:51.245Z] 🧠 Запуск AI-ErrorWatcher...
[2025-10-27T07:40:51.260Z] ✅ Новых ошибок не найдено
[2025-10-27T07:40:51.634Z] 🧠 Запуск AI-ErrorWatcher...
[2025-10-27T07:40:51.649Z] ✅ Новых ошибок не найдено
[2025-10-27T07:40:51.898Z] 🧠 Запуск AI-ErrorWatcher...
[2025-10-27T07:40:51.913Z] ✅ Новых ошибок не найдено
[2025-10-27T07:40:52.153Z] 🧠 Запуск AI-ErrorWatcher...
[2025-10-27T07:40:52.168Z] ✅ Новых ошибок не найдено
[2025-10-27T07:55:54.672Z] 🧠 Запуск AI-ErrorWatcher...
[2025-10-27T07:55:54.677Z] ✅ Новых ошибок не найдено
[2025-10-27T07:55:54.874Z] 🧠 Запуск AI-ErrorWatcher...
[2025-10-27T07:55:54.881Z] ✅ Новых ошибок не найдено
[2025-10-27T07:55:55.146Z] 🧠 Запуск AI-ErrorWatcher...
[2025-10-27T07:55:55.159Z] ✅ Новых ошибок не найдено
[2025-10-27T07:55:55.375Z] 🧠 Запуск AI-ErrorWatcher...
[2025-10-27T07:55:55.385Z] ✅ Новых ошибок не найдено
[2025-10-27T07:55:55.662Z] 🧠 Запуск AI-ErrorWatcher...
[2025-10-27T07:55:55.669Z] ✅ Новых ошибок не найдено
[2025-10-27T08:10:58.797Z] 🧠 Запуск AI-ErrorWatcher...
[2025-10-27T08:10:58.806Z] ✅ Новых ошибок не найдено
[2025-10-27T08:10:58.973Z] 🧠 Запуск AI-ErrorWatcher...
[2025-10-27T08:10:58.984Z] ✅ Новых ошибок не найдено
[2025-10-27T08:10:59.414Z] 🧠 Запуск AI-ErrorWatcher...
[2025-10-27T08:10:59.429Z] ✅ Новых ошибок не найдено
[2025-10-27T08:10:59.641Z] 🧠 Запуск AI-ErrorWatcher...
[2025-10-27T08:10:59.662Z] ✅ Новых ошибок не найдено
[2025-10-27T08:10:59.875Z] 🧠 Запуск AI-ErrorWatcher...
[2025-10-27T08:10:59.881Z] ✅ Новых ошибок не найдено
[2025-10-27T08:19:01.592Z] 🧠 Запуск AI-ErrorWatcher...
[2025-10-27T08:19:01.608Z] ✅ Новых ошибок не найдено
