[2025-10-27T01:57:46.946Z] 🚀 Запуск AI-Auto-Upgrade...
[2025-10-27T01:57:46.957Z] ⬇️ Проверяю наличие обновлений...
[2025-10-27T01:57:46.965Z] ⚠️ Ошибка при выполнении: git rev-parse HEAD
Command failed: git rev-parse HEAD
fatal: not a git repository (or any of the parent directories): .git

[2025-10-27T01:57:47.611Z] $ cd /opt/sprosi-vracha-ai && git fetch --all
[2025-10-27T01:57:47.617Z] $ cd /opt/sprosi-vracha-ai && git reset --hard origin/main
[2025-10-27T01:57:47.621Z] ⚠️ Ошибка при выполнении: git rev-parse HEAD
Command failed: git rev-parse HEAD
fatal: not a git repository (or any of the parent directories): .git

[2025-10-27T01:57:47.621Z] ✅ Обновлений нет — код актуален
[2025-10-27T01:57:47.621Z] 🧹 Очистка старых логов (>15 МБ)...
[2025-10-27T01:57:47.626Z] $ find /opt/sprosi-vracha-ai/apps -type f -name '*.log' -size +15M -exec truncate -s 0 {} \;
[2025-10-27T01:57:47.626Z] 🏁 Цикл обновления завершён
[2025-10-27T04:20:01.945Z] 🚀 Запуск AI-Auto-Upgrade...
[2025-10-27T04:20:01.950Z] ⬇️ Проверяю наличие обновлений...
[2025-10-27T04:20:02.672Z] $ cd /opt/sprosi-vracha-ai && git fetch --all
[2025-10-27T04:20:02.680Z] $ cd /opt/sprosi-vracha-ai && git reset --hard origin/main
[2025-10-27T04:20:02.683Z] ✅ Обновлений нет — код актуален
[2025-10-27T04:20:02.683Z] 🧹 Очистка старых логов (>15 МБ)...
[2025-10-27T04:20:02.690Z] $ find /opt/sprosi-vracha-ai/apps -type f -name '*.log' -size +15M -exec truncate -s 0 {} \;
[2025-10-27T04:20:02.690Z] 🏁 Цикл обновления завершён
