[2025-10-27T02:06:09.761Z] 🎛️ Запуск AI-Content-Orchestrator v2...
[2025-10-27T02:06:09.781Z] ✅ ai-content-pipeline.timer работает (enabled)
[2025-10-27T02:06:09.793Z] ✅ ai-auto-publisher.timer работает (enabled)
[2025-10-27T02:06:09.806Z] ✅ ai-error-watcher.timer работает (enabled)
[2025-10-27T02:06:09.818Z] ✅ ai-healthcheck.timer работает (enabled)
[2025-10-27T02:06:09.832Z] ✅ ai-link-reporter.timer работает (enabled)
[2025-10-27T02:06:09.848Z] ✅ ai-summary-reporter.timer работает (enabled)
[2025-10-27T02:06:09.860Z] ✅ ai-telegram-reporter.timer работает (enabled)
[2025-10-27T02:06:09.878Z] ✅ ai-seo-genome.timer работает (enabled)
[2025-10-27T02:06:09.895Z] ✅ ai-compliance-auditor.timer работает (enabled)
[2025-10-27T02:06:09.895Z] 🧩 Все таймеры синхронизированы, система стабильна.
[2025-10-27T04:06:36.658Z] 🎛️ Запуск AI-Content-Orchestrator v2...
[2025-10-27T04:06:36.685Z] ✅ ai-content-pipeline.timer работает (enabled)
[2025-10-27T04:06:36.700Z] ✅ ai-auto-publisher.timer работает (enabled)
[2025-10-27T04:06:36.715Z] ✅ ai-error-watcher.timer работает (enabled)
[2025-10-27T04:06:36.731Z] ✅ ai-healthcheck.timer работает (enabled)
[2025-10-27T04:06:36.744Z] ✅ ai-link-reporter.timer работает (enabled)
[2025-10-27T04:06:36.760Z] ✅ ai-summary-reporter.timer работает (enabled)
[2025-10-27T04:06:36.774Z] ✅ ai-telegram-reporter.timer работает (enabled)
[2025-10-27T04:06:36.790Z] ✅ ai-seo-genome.timer работает (enabled)
[2025-10-27T04:06:36.806Z] ✅ ai-compliance-auditor.timer работает (enabled)
[2025-10-27T04:06:36.807Z] 🧩 Все таймеры синхронизированы, система стабильна.
[2025-10-27T06:07:28.278Z] 🎛️ Запуск AI-Content-Orchestrator v2...
[2025-10-27T06:07:28.312Z] ✅ ai-content-pipeline.timer работает (enabled)
[2025-10-27T06:07:28.328Z] ✅ ai-auto-publisher.timer работает (enabled)
[2025-10-27T06:07:28.342Z] ✅ ai-error-watcher.timer работает (enabled)
[2025-10-27T06:07:28.391Z] ✅ ai-healthcheck.timer работает (enabled)
[2025-10-27T06:07:28.434Z] ✅ ai-link-reporter.timer работает (enabled)
[2025-10-27T06:07:28.490Z] ✅ ai-summary-reporter.timer работает (enabled)
[2025-10-27T06:07:28.505Z] ✅ ai-telegram-reporter.timer работает (enabled)
[2025-10-27T06:07:28.523Z] ✅ ai-seo-genome.timer работает (enabled)
[2025-10-27T06:07:28.537Z] ✅ ai-compliance-auditor.timer работает (enabled)
[2025-10-27T06:07:28.538Z] 🧩 Все таймеры синхронизированы, система стабильна.
[2025-10-27T08:07:36.657Z] 🎛️ Запуск AI-Content-Orchestrator v2...
[2025-10-27T08:07:36.687Z] ✅ ai-content-pipeline.timer работает (enabled)
[2025-10-27T08:07:36.704Z] ✅ ai-auto-publisher.timer работает (enabled)
[2025-10-27T08:07:36.722Z] ✅ ai-error-watcher.timer работает (enabled)
[2025-10-27T08:07:36.742Z] ✅ ai-healthcheck.timer работает (enabled)
[2025-10-27T08:07:36.755Z] ✅ ai-link-reporter.timer работает (enabled)
[2025-10-27T08:07:36.771Z] ✅ ai-summary-reporter.timer работает (enabled)
[2025-10-27T08:07:36.791Z] ✅ ai-telegram-reporter.timer работает (enabled)
[2025-10-27T08:07:36.815Z] ✅ ai-seo-genome.timer работает (enabled)
[2025-10-27T08:07:36.828Z] ✅ ai-compliance-auditor.timer работает (enabled)
[2025-10-27T08:07:36.828Z] 🧩 Все таймеры синхронизированы, система стабильна.
[2025-10-27T08:18:41.798Z] 🎛️ Запуск AI-Content-Orchestrator v2...
[2025-10-27T08:18:41.819Z] ✅ ai-content-pipeline.timer работает (enabled)
[2025-10-27T08:18:41.832Z] ✅ ai-auto-publisher.timer работает (enabled)
[2025-10-27T08:18:41.848Z] ✅ ai-error-watcher.timer работает (enabled)
[2025-10-27T08:18:41.860Z] ✅ ai-healthcheck.timer работает (enabled)
[2025-10-27T08:18:41.875Z] ✅ ai-link-reporter.timer работает (enabled)
[2025-10-27T08:18:41.887Z] ✅ ai-summary-reporter.timer работает (enabled)
[2025-10-27T08:18:41.898Z] ✅ ai-telegram-reporter.timer работает (enabled)
[2025-10-27T08:18:41.913Z] ✅ ai-seo-genome.timer работает (enabled)
[2025-10-27T08:18:41.928Z] ✅ ai-compliance-auditor.timer работает (enabled)
[2025-10-27T08:18:41.929Z] 🧩 Все таймеры синхронизированы, система стабильна.
